-------------------------------------------------------------------------------
Test set: petclinick.PetClinickApplicationTests
-------------------------------------------------------------------------------
Tests run: 1, Failures: 0, Errors: 1, Skipped: 0, Time elapsed: 0.402 s <<< FAILURE! - in petclinick.PetClinickApplicationTests
petclinick.PetClinickApplicationTests  Time elapsed: 0.4 s  <<< ERROR!
java.lang.IllegalStateException: Unable to find a @SpringBootConfiguration, you need to use @ContextConfiguration or @SpringBootTest(classes=...) with your test

