<?xml version="1.0" encoding="UTF-8"?>
<testsuite xmlns:xsi="http://www.w3.org/2001/XMLSchema-instance" xsi:noNamespaceSchemaLocation="https://maven.apache.org/surefire/maven-surefire-plugin/xsd/surefire-test-report.xsd" name="petclinick.PetClinickApplicationTests" time="0.402" tests="1" errors="1" skipped="0" failures="0">
  <properties>
[...]
</properties>
  <testcase name="petclinick.PetClinickApplicationTests" classname="petclinick.PetClinickApplicationTests" time="0.4">
    <error message="Unable to find a @SpringBootConfiguration, you need to use @ContextConfiguration or @SpringBootTest(classes=...) with your test" type="java.lang.IllegalStateException">java.lang.IllegalStateException: Unable to find a @SpringBootConfiguration, you need to use @ContextConfiguration or @SpringBootTest(classes=...) with your test
</error>
    <system-out><![CDATA[18:11:23.892 [main] DEBUG org.springframework.test.context.BootstrapUtils - Instantiating CacheAwareContextLoaderDelegate from class [org.springframework.test.context.cache.DefaultCacheAwareContextLoaderDelegate]
18:11:23.911 [main] DEBUG org.springframework.test.context.BootstrapUtils - Instantiating BootstrapContext using constructor [public org.springframework.test.context.support.DefaultBootstrapContext(java.lang.Class,org.springframework.test.context.CacheAwareContextLoaderDelegate)]
18:11:23.973 [main] DEBUG org.springframework.test.context.BootstrapUtils - Instantiating TestContextBootstrapper for test class [petclinick.PetClinickApplicationTests] from class [org.springframework.boot.test.context.SpringBootTestContextBootstrapper]
18:11:23.995 [main] INFO org.springframework.boot.test.context.SpringBootTestContextBootstrapper - Neither @ContextConfiguration nor @ContextHierarchy found for test class [petclinick.PetClinickApplicationTests], using SpringBootContextLoader
18:11:24.002 [main] DEBUG org.springframework.test.context.support.AbstractContextLoader - Did not detect default resource location for test class [petclinick.PetClinickApplicationTests]: class path resource [petclinick/PetClinickApplicationTests-context.xml] does not exist
18:11:24.003 [main] DEBUG org.springframework.test.context.support.AbstractContextLoader - Did not detect default resource location for test class [petclinick.PetClinickApplicationTests]: class path resource [petclinick/PetClinickApplicationTestsContext.groovy] does not exist
18:11:24.003 [main] INFO org.springframework.test.context.support.AbstractContextLoader - Could not detect default resource locations for test class [petclinick.PetClinickApplicationTests]: no resource found for suffixes {-context.xml, Context.groovy}.
18:11:24.005 [main] INFO org.springframework.test.context.support.AnnotationConfigContextLoaderUtils - Could not detect default configuration classes for test class [petclinick.PetClinickApplicationTests]: PetClinickApplicationTests does not declare any static, non-private, non-final, nested classes annotated with @Configuration.
18:11:24.093 [main] DEBUG org.springframework.test.context.support.ActiveProfilesUtils - Could not find an 'annotation declaring class' for annotation type [org.springframework.test.context.ActiveProfiles] and class [petclinick.PetClinickApplicationTests]
]]></system-out>
  </testcase>
</testsuite>